<?xml version="1.0" encoding="utf-8" ?>
<!DOCTYPE html PUBLIC "-//W3C//DTD XHTML 1.0 Strict//EN"
        "http://www.w3.org/TR/xhtml1/DTD/xhtml1-strict.dtd">
<html xmlns="http://www.w3.org/1999/xhtml" xml:lang="" lang="">
<head>
  <title>Test Results Report - Test Project Automation</title>
  <meta http-equiv="Content-Type" content="text/html;charset=utf-8" />
  <meta name="description" content="TestNG unit test results." />
  <link href="reportng.css" rel="stylesheet" type="text/css" />
    <script type="text/javascript" src="reportng.js"></script>
</head>
<body>
<h1>Test Project Automation</h1>
<p>
  Test duration: 168.934s
</p>



  <table class="resultsTable">
    <tr><th colspan="3" class="header failed">Failed Tests</th></tr>
          <tr>
        <td colspan="3" class="group">tests.DashboardPage</td>
      </tr>
            
<tr>
  <td class="method">
                  <span class="description" title="This test verifies click on top left arrow on dashboard page.">verifyTopLeftArrowClick</span>
      </td>
  <td class="duration">
    75.715s
  </td>
  <td class="result">
        
    
            <div class="testOutput">
                        Completed executing following method : DashboardPage.verifyTopLeftArrowClick
                                Test Method resides in tests.DashboardPage
                                Test Status: Failed
                  </div>
    

        <a href="javascript:toggleElement('exception-0', 'block')" title="Click to expand/collapse"><b>java.lang.AssertionError: The following asserts failed:<br/>
Click on top left arrow on dashboard unsuccessful. Refer attached screenshot.</b></a><br />
    <div class="stackTrace" id="exception-0">
              org.testng.asserts.SoftAssert.assertAll(SoftAssert.java:38)<br />
              tests.BaseTest.testMethodWrapUp(BaseTest.java:60)<br />
              tests.DashboardPage.verifyTopLeftArrowClick(DashboardPage.java:61)<br />
              sun.reflect.NativeMethodAccessorImpl.invoke0(Native Method)<br />
              sun.reflect.NativeMethodAccessorImpl.invoke(Unknown Source)<br />
              sun.reflect.DelegatingMethodAccessorImpl.invoke(Unknown Source)<br />
              java.lang.reflect.Method.invoke(Unknown Source)<br />
              org.testng.internal.MethodInvocationHelper.invokeMethod(MethodInvocationHelper.java:84)<br />
              org.testng.internal.Invoker.invokeMethod(Invoker.java:714)<br />
              org.testng.internal.Invoker.invokeTestMethod(Invoker.java:901)<br />
              org.testng.internal.Invoker.invokeTestMethods(Invoker.java:1231)<br />
              org.testng.internal.TestMethodWorker.invokeTestMethods(TestMethodWorker.java:127)<br />
              org.testng.internal.TestMethodWorker.run(TestMethodWorker.java:111)<br />
              org.testng.TestRunner.privateRun(TestRunner.java:767)<br />
              org.testng.TestRunner.run(TestRunner.java:617)<br />
              org.testng.SuiteRunner.runTest(SuiteRunner.java:348)<br />
              org.testng.SuiteRunner.runSequentially(SuiteRunner.java:343)<br />
              org.testng.SuiteRunner.privateRun(SuiteRunner.java:305)<br />
              org.testng.SuiteRunner.run(SuiteRunner.java:254)<br />
              org.testng.SuiteRunnerWorker.runSuite(SuiteRunnerWorker.java:52)<br />
              org.testng.SuiteRunnerWorker.run(SuiteRunnerWorker.java:86)<br />
              org.testng.TestNG.runSuitesSequentially(TestNG.java:1224)<br />
              org.testng.TestNG.runSuitesLocally(TestNG.java:1149)<br />
              org.testng.TestNG.run(TestNG.java:1057)<br />
              org.testng.remote.AbstractRemoteTestNG.run(AbstractRemoteTestNG.java:115)<br />
              org.testng.remote.RemoteTestNG.initAndRun(RemoteTestNG.java:251)<br />
              org.testng.remote.RemoteTestNG.main(RemoteTestNG.java:77)<br />
                </div>
      </td>
</tr>
          <tr>
        <td colspan="3" class="group">tests.ProfilePage</td>
      </tr>
            
<tr>
  <td class="method">
                  <span class="description" title="This test verifies user name on profile page.">verifyNameOnProfilePage</span>
      </td>
  <td class="duration">
    18.287s
  </td>
  <td class="result">
        
    
            <div class="testOutput">
                        Completed executing following method : ProfilePage.verifyNameOnProfilePage
                                Test Method resides in tests.ProfilePage
                                Test Status: Failed
                  </div>
    

        <a href="javascript:toggleElement('exception-1', 'block')" title="Click to expand/collapse"><b>java.lang.AssertionError: The following asserts failed:<br/>
Name on profile page not as expected. Expected: Test_User2 but found: Test_User1. Refer attached screenshot.</b></a><br />
    <div class="stackTrace" id="exception-1">
              org.testng.asserts.SoftAssert.assertAll(SoftAssert.java:38)<br />
              tests.BaseTest.testMethodWrapUp(BaseTest.java:60)<br />
              tests.ProfilePage.verifyNameOnProfilePage(ProfilePage.java:65)<br />
              sun.reflect.NativeMethodAccessorImpl.invoke0(Native Method)<br />
              sun.reflect.NativeMethodAccessorImpl.invoke(Unknown Source)<br />
              sun.reflect.DelegatingMethodAccessorImpl.invoke(Unknown Source)<br />
              java.lang.reflect.Method.invoke(Unknown Source)<br />
              org.testng.internal.MethodInvocationHelper.invokeMethod(MethodInvocationHelper.java:84)<br />
              org.testng.internal.Invoker.invokeMethod(Invoker.java:714)<br />
              org.testng.internal.Invoker.invokeTestMethod(Invoker.java:901)<br />
              org.testng.internal.Invoker.invokeTestMethods(Invoker.java:1231)<br />
              org.testng.internal.TestMethodWorker.invokeTestMethods(TestMethodWorker.java:127)<br />
              org.testng.internal.TestMethodWorker.run(TestMethodWorker.java:111)<br />
              org.testng.TestRunner.privateRun(TestRunner.java:767)<br />
              org.testng.TestRunner.run(TestRunner.java:617)<br />
              org.testng.SuiteRunner.runTest(SuiteRunner.java:348)<br />
              org.testng.SuiteRunner.runSequentially(SuiteRunner.java:343)<br />
              org.testng.SuiteRunner.privateRun(SuiteRunner.java:305)<br />
              org.testng.SuiteRunner.run(SuiteRunner.java:254)<br />
              org.testng.SuiteRunnerWorker.runSuite(SuiteRunnerWorker.java:52)<br />
              org.testng.SuiteRunnerWorker.run(SuiteRunnerWorker.java:86)<br />
              org.testng.TestNG.runSuitesSequentially(TestNG.java:1224)<br />
              org.testng.TestNG.runSuitesLocally(TestNG.java:1149)<br />
              org.testng.TestNG.run(TestNG.java:1057)<br />
              org.testng.remote.AbstractRemoteTestNG.run(AbstractRemoteTestNG.java:115)<br />
              org.testng.remote.RemoteTestNG.initAndRun(RemoteTestNG.java:251)<br />
              org.testng.remote.RemoteTestNG.main(RemoteTestNG.java:77)<br />
                </div>
      </td>
</tr>
      </table>


  <table class="resultsTable">
    <tr><th colspan="3" class="header passed">Passed Tests</th></tr>
          <tr>
        <td colspan="3" class="group">tests.DashboardPage</td>
      </tr>
            
<tr>
  <td class="method">
                  <span class="description" title="This test verifies click on top right arrow on dashboard page.">verifyTopRightArrowClick</span>
      </td>
  <td class="duration">
    24.382s
  </td>
  <td class="result">
        
    
            <div class="testOutput">
                        Completed executing following method : DashboardPage.verifyTopRightArrowClick
                                Test Method resides in tests.DashboardPage
                                Test Status: Pass
                  </div>
    

      </td>
</tr>
          <tr>
        <td colspan="3" class="group">tests.LoginPage</td>
      </tr>
            
<tr>
  <td class="method">
                  <span class="description" title="This test verifies login functionality.">verifyLogin</span>
      </td>
  <td class="duration">
    26.188s
  </td>
  <td class="result">
        
    
            <div class="testOutput">
                        Completed executing following method : LoginPage.verifyLogin
                                Test Method resides in tests.LoginPage
                                Test Status: Pass
                  </div>
    

      </td>
</tr>
<tr>
  <td class="method">
                  <span class="description" title="This test verifies logout functionality.">verifyLogout</span>
      </td>
  <td class="duration">
    10.188s
  </td>
  <td class="result">
        
    
            <div class="testOutput">
                        Completed executing following method : LoginPage.verifyLogout
                                Test Method resides in tests.LoginPage
                                Test Status: Pass
                  </div>
    

      </td>
</tr>
      </table>
  
</body>
</html>
